#-----------------------------------------------------------
# Vivado v2017.3 (64-bit)
# SW Build 2018833 on Wed Oct  4 19:58:22 MDT 2017
# IP Build 2016188 on Wed Oct  4 21:52:56 MDT 2017
# Start of session at: Thu May 25 09:30:34 2023
# Process ID: 46704
# Current directory: C:/Users/stasm/AppData/Roaming/Xilinx/Vivado
# Command line: vivado.exe -gui_launcher_event rodinguilauncherevent34608
# Log file: C:/Users/stasm/AppData/Roaming/Xilinx/Vivado/vivado.log
# Journal file: C:/Users/stasm/AppData/Roaming/Xilinx/Vivado\vivado.jou
#-----------------------------------------------------------
start_gui
open_project C:/SDUP/Projekt_Turbocode/projekt_SDUP/Turbocody/Turbocody.xpr
Scanning sources...
Finished scanning sources
INFO: [IP_Flow 19-234] Refreshing IP repositories
INFO: [IP_Flow 19-1704] No user IP repositories specified
INFO: [IP_Flow 19-2313] Loaded Vivado IP repository 'C:/Xilinx/Vivado/2017.3/data/ip'.
open_project: Time (s): cpu = 00:00:06 ; elapsed = 00:00:06 . Memory (MB): peak = 901.074 ; gain = 136.539
update_compile_order -fileset sources_1
launch_simulation
INFO: [Vivado 12-5682] Launching behavioral simulation in 'C:/SDUP/Projekt_Turbocode/projekt_SDUP/Turbocody/Turbocody.sim/sim_1/behav/xsim'
INFO: [SIM-utils-51] Simulation object is 'sim_1'
INFO: [SIM-utils-54] Inspecting design source files for 'Turbo_testbench' in fileset 'sim_1'...
INFO: [USF-XSim-97] Finding global include files...
INFO: [USF-XSim-98] Fetching design files from 'sim_1'...
INFO: [USF-XSim-2] XSim::Compile design
INFO: [USF-XSim-61] Executing 'COMPILE and ANALYZE' step in 'C:/SDUP/Projekt_Turbocode/projekt_SDUP/Turbocody/Turbocody.sim/sim_1/behav/xsim'
"xvlog --incr --relax -prj Turbo_testbench_vlog.prj"
INFO: [USF-XSim-69] 'compile' step finished in '1' seconds
INFO: [USF-XSim-3] XSim::Elaborate design
INFO: [USF-XSim-61] Executing 'ELABORATE' step in 'C:/SDUP/Projekt_Turbocode/projekt_SDUP/Turbocody/Turbocody.sim/sim_1/behav/xsim'
Vivado Simulator 2017.3
Copyright 1986-1999, 2001-2016 Xilinx, Inc. All Rights Reserved.
Running: C:/Xilinx/Vivado/2017.3/bin/unwrapped/win64.o/xelab.exe -wto 629982262a6c4654b0dbfa735fbb18b0 --incr --debug typical --relax --mt 2 -L xil_defaultlib -L unisims_ver -L unimacro_ver -L secureip --snapshot Turbo_testbench_behav xil_defaultlib.Turbo_testbench xil_defaultlib.glbl -log elaborate.log 
Using 2 slave threads.
Starting static elaboration
Completed static elaboration
INFO: [XSIM 43-4323] No Change in HDL. Linking previously generated obj files to create kernel
INFO: [USF-XSim-69] 'elaborate' step finished in '1' seconds
INFO: [USF-XSim-4] XSim::Simulate design
INFO: [USF-XSim-61] Executing 'SIMULATE' step in 'C:/SDUP/Projekt_Turbocode/projekt_SDUP/Turbocody/Turbocody.sim/sim_1/behav/xsim'
INFO: [USF-XSim-98] *** Running xsim
   with args "Turbo_testbench_behav -key {Behavioral:sim_1:Functional:Turbo_testbench} -tclbatch {Turbo_testbench.tcl} -view {C:/SDUP/Projekt_Turbocode/projekt_SDUP/Turbocody/RSC_Encoder_8bit_TB_behav.wcfg} -log {simulate.log}"
INFO: [USF-XSim-8] Loading simulator feature
Vivado Simulator 2017.3
Time resolution is 1 ps
open_wave_config C:/SDUP/Projekt_Turbocode/projekt_SDUP/Turbocody/RSC_Encoder_8bit_TB_behav.wcfg
source Turbo_testbench.tcl
# set curr_wave [current_wave_config]
# if { [string length $curr_wave] == 0 } {
#   if { [llength [get_objects]] > 0} {
#     add_wave /
#     set_property needs_save false [current_wave_config]
#   } else {
#      send_msg_id Add_Wave-1 WARNING "No top level signals found. Simulator will start without a wave window. If you want to open a wave window go to 'File->New Waveform Configuration' or type 'create_wave_config' in the TCL console."
#   }
# }
# run 1000ns
1
1
0
0
1
0
1
1
0
1
1
0
0
1
0
0
11
11
01
00
10
01
10
11
01
11
11
01
00
10
00
01
$finish called at time : 175 ns : File "C:/SDUP/Projekt_Turbocode/projekt_SDUP/Turbocody/Turbocody.srcs/sim_1/new/Turbo_testbench.v" Line 43
INFO: [USF-XSim-96] XSim completed. Design snapshot 'Turbo_testbench_behav' loaded.
INFO: [USF-XSim-97] XSim simulation ran for 1000ns
launch_simulation: Time (s): cpu = 00:00:03 ; elapsed = 00:00:07 . Memory (MB): peak = 901.074 ; gain = 0.000
close_sim
INFO: [Simtcl 6-16] Simulation closed
launch_simulation
INFO: [Vivado 12-5682] Launching behavioral simulation in 'C:/SDUP/Projekt_Turbocode/projekt_SDUP/Turbocody/Turbocody.sim/sim_1/behav/xsim'
INFO: [SIM-utils-51] Simulation object is 'sim_1'
INFO: [SIM-utils-54] Inspecting design source files for 'Turbo_testbench' in fileset 'sim_1'...
INFO: [USF-XSim-97] Finding global include files...
INFO: [USF-XSim-98] Fetching design files from 'sim_1'...
INFO: [USF-XSim-2] XSim::Compile design
INFO: [USF-XSim-61] Executing 'COMPILE and ANALYZE' step in 'C:/SDUP/Projekt_Turbocode/projekt_SDUP/Turbocody/Turbocody.sim/sim_1/behav/xsim'
"xvlog --incr --relax -prj Turbo_testbench_vlog.prj"
INFO: [VRFC 10-2263] Analyzing Verilog file "C:/SDUP/Projekt_Turbocode/projekt_SDUP/Turbocody/Turbocody.srcs/sources_1/new/Deinterleaver.v" into library xil_defaultlib
INFO: [VRFC 10-311] analyzing module Deinterleaver
INFO: [VRFC 10-2263] Analyzing Verilog file "C:/SDUP/Projekt_Turbocode/projekt_SDUP/Turbocody/Turbocody.srcs/sources_1/new/Disassembler_24bit.v" into library xil_defaultlib
INFO: [VRFC 10-311] analyzing module Disassembler_24bit
INFO: [VRFC 10-2263] Analyzing Verilog file "C:/SDUP/Projekt_Turbocode/projekt_SDUP/Turbocody/Turbocody.srcs/sources_1/new/Interleaver.v" into library xil_defaultlib
INFO: [VRFC 10-311] analyzing module Interleaver_8bit
INFO: [VRFC 10-2263] Analyzing Verilog file "C:/SDUP/Projekt_Turbocode/projekt_SDUP/Turbocody/Turbocody.srcs/sources_1/new/RSC_decoder.v" into library xil_defaultlib
INFO: [VRFC 10-311] analyzing module Decoder_16bit
INFO: [VRFC 10-2263] Analyzing Verilog file "C:/SDUP/Projekt_Turbocode/projekt_SDUP/Turbocody/Turbocody.srcs/sources_1/new/RSC_encoder.v" into library xil_defaultlib
INFO: [VRFC 10-311] analyzing module RSC_Encoder_8bit
INFO: [VRFC 10-2263] Analyzing Verilog file "C:/SDUP/Projekt_Turbocode/projekt_SDUP/Turbocody/Turbocody.srcs/sources_1/new/Turbo_Decoder.v" into library xil_defaultlib
INFO: [VRFC 10-311] analyzing module Turbo_Decoder
INFO: [VRFC 10-2263] Analyzing Verilog file "C:/SDUP/Projekt_Turbocode/projekt_SDUP/Turbocody/Turbocody.srcs/sources_1/new/Turbo_Encoder.v" into library xil_defaultlib
INFO: [VRFC 10-311] analyzing module Turbo_Encoder
INFO: [VRFC 10-2263] Analyzing Verilog file "C:/SDUP/Projekt_Turbocode/projekt_SDUP/Turbocody/Turbocody.srcs/sources_1/new/check_if_equal.v" into library xil_defaultlib
INFO: [VRFC 10-311] analyzing module check_if_equal
INFO: [VRFC 10-2263] Analyzing Verilog file "C:/SDUP/Projekt_Turbocode/projekt_SDUP/Turbocody/Turbocody.srcs/sources_1/new/data_assembler.v" into library xil_defaultlib
INFO: [VRFC 10-311] analyzing module DataAssembler
INFO: [VRFC 10-2263] Analyzing Verilog file "C:/SDUP/Projekt_Turbocode/projekt_SDUP/Turbocody/Turbocody.srcs/sim_1/new/Turbo_testbench.v" into library xil_defaultlib
INFO: [VRFC 10-311] analyzing module Turbo_testbench
INFO: [USF-XSim-69] 'compile' step finished in '1' seconds
INFO: [USF-XSim-3] XSim::Elaborate design
INFO: [USF-XSim-61] Executing 'ELABORATE' step in 'C:/SDUP/Projekt_Turbocode/projekt_SDUP/Turbocody/Turbocody.sim/sim_1/behav/xsim'
Vivado Simulator 2017.3
Copyright 1986-1999, 2001-2016 Xilinx, Inc. All Rights Reserved.
Running: C:/Xilinx/Vivado/2017.3/bin/unwrapped/win64.o/xelab.exe -wto 629982262a6c4654b0dbfa735fbb18b0 --incr --debug typical --relax --mt 2 -L xil_defaultlib -L unisims_ver -L unimacro_ver -L secureip --snapshot Turbo_testbench_behav xil_defaultlib.Turbo_testbench xil_defaultlib.glbl -log elaborate.log 
Using 2 slave threads.
Starting static elaboration
Completed static elaboration
Starting simulation data flow analysis
Completed simulation data flow analysis
Time Resolution for simulation is 1ps
Compiling module xil_defaultlib.RSC_Encoder_8bit
Compiling module xil_defaultlib.Interleaver_8bit
Compiling module xil_defaultlib.DataAssembler
Compiling module xil_defaultlib.Turbo_Encoder
Compiling module xil_defaultlib.Decoder_16bit
Compiling module xil_defaultlib.Disassembler_24bit
Compiling module xil_defaultlib.check_if_equal
Compiling module xil_defaultlib.Deinterleaver
Compiling module xil_defaultlib.Turbo_Decoder
Compiling module xil_defaultlib.Turbo_testbench
Compiling module xil_defaultlib.glbl
Built simulation snapshot Turbo_testbench_behav

****** Webtalk v2017.3 (64-bit)
  **** SW Build 2018833 on Wed Oct  4 19:58:22 MDT 2017
  **** IP Build 2016188 on Wed Oct  4 21:52:56 MDT 2017
    ** Copyright 1986-2017 Xilinx, Inc. All Rights Reserved.

source C:/SDUP/Projekt_Turbocode/projekt_SDUP/Turbocody/Turbocody.sim/sim_1/behav/xsim/xsim.dir/Turbo_testbench_behav/webtalk/xsim_webtalk.tcl -notrace
INFO: [Common 17-206] Exiting Webtalk at Thu May 25 09:40:07 2023...
INFO: [USF-XSim-69] 'elaborate' step finished in '4' seconds
INFO: [USF-XSim-4] XSim::Simulate design
INFO: [USF-XSim-61] Executing 'SIMULATE' step in 'C:/SDUP/Projekt_Turbocode/projekt_SDUP/Turbocody/Turbocody.sim/sim_1/behav/xsim'
INFO: [USF-XSim-98] *** Running xsim
   with args "Turbo_testbench_behav -key {Behavioral:sim_1:Functional:Turbo_testbench} -tclbatch {Turbo_testbench.tcl} -view {C:/SDUP/Projekt_Turbocode/projekt_SDUP/Turbocody/RSC_Encoder_8bit_TB_behav.wcfg} -log {simulate.log}"
INFO: [USF-XSim-8] Loading simulator feature
Vivado Simulator 2017.3
Time resolution is 1 ps
open_wave_config C:/SDUP/Projekt_Turbocode/projekt_SDUP/Turbocody/RSC_Encoder_8bit_TB_behav.wcfg
source Turbo_testbench.tcl
# set curr_wave [current_wave_config]
# if { [string length $curr_wave] == 0 } {
#   if { [llength [get_objects]] > 0} {
#     add_wave /
#     set_property needs_save false [current_wave_config]
#   } else {
#      send_msg_id Add_Wave-1 WARNING "No top level signals found. Simulator will start without a wave window. If you want to open a wave window go to 'File->New Waveform Configuration' or type 'create_wave_config' in the TCL console."
#   }
# }
# run 1000ns
1
1
0
0
1
0
1
1
0
1
1
0
0
1
0
0
11
11
01
01
10
01
10
11
01
11
11
01
00
10
00
01
$finish called at time : 175 ns : File "C:/SDUP/Projekt_Turbocode/projekt_SDUP/Turbocody/Turbocody.srcs/sim_1/new/Turbo_testbench.v" Line 43
INFO: [USF-XSim-96] XSim completed. Design snapshot 'Turbo_testbench_behav' loaded.
INFO: [USF-XSim-97] XSim simulation ran for 1000ns
launch_simulation: Time (s): cpu = 00:00:01 ; elapsed = 00:00:09 . Memory (MB): peak = 940.145 ; gain = 0.000
add_wave {{/Turbo_testbench/TE/data_in}} {{/Turbo_testbench/TE/data_out}} {{/Turbo_testbench/TE/data_in_2}} {{/Turbo_testbench/TE/data_1}} {{/Turbo_testbench/TE/data_2}} {{/Turbo_testbench/TE/parity_1}} {{/Turbo_testbench/TE/parity_2}} {{/Turbo_testbench/TE/data_concatentate}} 
save_wave_config {C:/SDUP/Projekt_Turbocode/projekt_SDUP/Turbocody/RSC_Encoder_8bit_TB_behav.wcfg}
close_sim
INFO: [Simtcl 6-16] Simulation closed
launch_simulation
INFO: [Vivado 12-5682] Launching behavioral simulation in 'C:/SDUP/Projekt_Turbocode/projekt_SDUP/Turbocody/Turbocody.sim/sim_1/behav/xsim'
INFO: [SIM-utils-51] Simulation object is 'sim_1'
INFO: [SIM-utils-54] Inspecting design source files for 'Turbo_testbench' in fileset 'sim_1'...
INFO: [USF-XSim-97] Finding global include files...
INFO: [USF-XSim-98] Fetching design files from 'sim_1'...
INFO: [USF-XSim-2] XSim::Compile design
INFO: [USF-XSim-61] Executing 'COMPILE and ANALYZE' step in 'C:/SDUP/Projekt_Turbocode/projekt_SDUP/Turbocody/Turbocody.sim/sim_1/behav/xsim'
"xvlog --incr --relax -prj Turbo_testbench_vlog.prj"
INFO: [USF-XSim-69] 'compile' step finished in '1' seconds
INFO: [USF-XSim-3] XSim::Elaborate design
INFO: [USF-XSim-61] Executing 'ELABORATE' step in 'C:/SDUP/Projekt_Turbocode/projekt_SDUP/Turbocody/Turbocody.sim/sim_1/behav/xsim'
Vivado Simulator 2017.3
Copyright 1986-1999, 2001-2016 Xilinx, Inc. All Rights Reserved.
Running: C:/Xilinx/Vivado/2017.3/bin/unwrapped/win64.o/xelab.exe -wto 629982262a6c4654b0dbfa735fbb18b0 --incr --debug typical --relax --mt 2 -L xil_defaultlib -L unisims_ver -L unimacro_ver -L secureip --snapshot Turbo_testbench_behav xil_defaultlib.Turbo_testbench xil_defaultlib.glbl -log elaborate.log 
Using 2 slave threads.
Starting static elaboration
Completed static elaboration
INFO: [XSIM 43-4323] No Change in HDL. Linking previously generated obj files to create kernel
INFO: [USF-XSim-69] 'elaborate' step finished in '1' seconds
INFO: [USF-XSim-4] XSim::Simulate design
INFO: [USF-XSim-61] Executing 'SIMULATE' step in 'C:/SDUP/Projekt_Turbocode/projekt_SDUP/Turbocody/Turbocody.sim/sim_1/behav/xsim'
INFO: [USF-XSim-98] *** Running xsim
   with args "Turbo_testbench_behav -key {Behavioral:sim_1:Functional:Turbo_testbench} -tclbatch {Turbo_testbench.tcl} -view {C:/SDUP/Projekt_Turbocode/projekt_SDUP/Turbocody/RSC_Encoder_8bit_TB_behav.wcfg} -log {simulate.log}"
INFO: [USF-XSim-8] Loading simulator feature
Vivado Simulator 2017.3
Time resolution is 1 ps
open_wave_config C:/SDUP/Projekt_Turbocode/projekt_SDUP/Turbocody/RSC_Encoder_8bit_TB_behav.wcfg
source Turbo_testbench.tcl
# set curr_wave [current_wave_config]
# if { [string length $curr_wave] == 0 } {
#   if { [llength [get_objects]] > 0} {
#     add_wave /
#     set_property needs_save false [current_wave_config]
#   } else {
#      send_msg_id Add_Wave-1 WARNING "No top level signals found. Simulator will start without a wave window. If you want to open a wave window go to 'File->New Waveform Configuration' or type 'create_wave_config' in the TCL console."
#   }
# }
# run 1000ns
1
1
0
0
1
0
1
1
0
1
1
0
0
1
0
0
11
11
01
01
10
01
10
11
01
11
11
01
00
10
00
01
$finish called at time : 175 ns : File "C:/SDUP/Projekt_Turbocode/projekt_SDUP/Turbocody/Turbocody.srcs/sim_1/new/Turbo_testbench.v" Line 43
INFO: [USF-XSim-96] XSim completed. Design snapshot 'Turbo_testbench_behav' loaded.
INFO: [USF-XSim-97] XSim simulation ran for 1000ns
add_wave {{/Turbo_testbench/clk}} {{/Turbo_testbench/reset_enc}} {{/Turbo_testbench/reset_dec}} 
save_wave_config {C:/SDUP/Projekt_Turbocode/projekt_SDUP/Turbocody/RSC_Encoder_8bit_TB_behav.wcfg}
close_sim
INFO: [Simtcl 6-16] Simulation closed
launch_simulation
INFO: [Vivado 12-5682] Launching behavioral simulation in 'C:/SDUP/Projekt_Turbocode/projekt_SDUP/Turbocody/Turbocody.sim/sim_1/behav/xsim'
INFO: [SIM-utils-51] Simulation object is 'sim_1'
INFO: [SIM-utils-54] Inspecting design source files for 'Turbo_testbench' in fileset 'sim_1'...
INFO: [USF-XSim-97] Finding global include files...
INFO: [USF-XSim-98] Fetching design files from 'sim_1'...
INFO: [USF-XSim-2] XSim::Compile design
INFO: [USF-XSim-61] Executing 'COMPILE and ANALYZE' step in 'C:/SDUP/Projekt_Turbocode/projekt_SDUP/Turbocody/Turbocody.sim/sim_1/behav/xsim'
"xvlog --incr --relax -prj Turbo_testbench_vlog.prj"
INFO: [USF-XSim-69] 'compile' step finished in '1' seconds
INFO: [USF-XSim-3] XSim::Elaborate design
INFO: [USF-XSim-61] Executing 'ELABORATE' step in 'C:/SDUP/Projekt_Turbocode/projekt_SDUP/Turbocody/Turbocody.sim/sim_1/behav/xsim'
Vivado Simulator 2017.3
Copyright 1986-1999, 2001-2016 Xilinx, Inc. All Rights Reserved.
Running: C:/Xilinx/Vivado/2017.3/bin/unwrapped/win64.o/xelab.exe -wto 629982262a6c4654b0dbfa735fbb18b0 --incr --debug typical --relax --mt 2 -L xil_defaultlib -L unisims_ver -L unimacro_ver -L secureip --snapshot Turbo_testbench_behav xil_defaultlib.Turbo_testbench xil_defaultlib.glbl -log elaborate.log 
Using 2 slave threads.
Starting static elaboration
Completed static elaboration
INFO: [XSIM 43-4323] No Change in HDL. Linking previously generated obj files to create kernel
INFO: [USF-XSim-69] 'elaborate' step finished in '1' seconds
INFO: [USF-XSim-4] XSim::Simulate design
INFO: [USF-XSim-61] Executing 'SIMULATE' step in 'C:/SDUP/Projekt_Turbocode/projekt_SDUP/Turbocody/Turbocody.sim/sim_1/behav/xsim'
INFO: [USF-XSim-98] *** Running xsim
   with args "Turbo_testbench_behav -key {Behavioral:sim_1:Functional:Turbo_testbench} -tclbatch {Turbo_testbench.tcl} -view {C:/SDUP/Projekt_Turbocode/projekt_SDUP/Turbocody/RSC_Encoder_8bit_TB_behav.wcfg} -log {simulate.log}"
INFO: [USF-XSim-8] Loading simulator feature
Vivado Simulator 2017.3
Time resolution is 1 ps
open_wave_config C:/SDUP/Projekt_Turbocode/projekt_SDUP/Turbocody/RSC_Encoder_8bit_TB_behav.wcfg
source Turbo_testbench.tcl
# set curr_wave [current_wave_config]
# if { [string length $curr_wave] == 0 } {
#   if { [llength [get_objects]] > 0} {
#     add_wave /
#     set_property needs_save false [current_wave_config]
#   } else {
#      send_msg_id Add_Wave-1 WARNING "No top level signals found. Simulator will start without a wave window. If you want to open a wave window go to 'File->New Waveform Configuration' or type 'create_wave_config' in the TCL console."
#   }
# }
# run 1000ns
1
1
0
0
1
0
1
1
0
1
1
0
0
1
0
0
11
11
01
01
10
01
10
11
01
11
11
01
00
10
00
01
$finish called at time : 175 ns : File "C:/SDUP/Projekt_Turbocode/projekt_SDUP/Turbocody/Turbocody.srcs/sim_1/new/Turbo_testbench.v" Line 43
INFO: [USF-XSim-96] XSim completed. Design snapshot 'Turbo_testbench_behav' loaded.
INFO: [USF-XSim-97] XSim simulation ran for 1000ns
archive_project C:/SDUP/Projekt_Turbocode/projekt_SDUP/Turbocody_StateMacine.xpr.zip -temp_dir C:/Users/stasm/AppData/Roaming/Xilinx/Vivado/.Xil/Vivado-46704-DESKTOP-GG9V6KE -force -exclude_run_results -include_local_ip_cache
INFO: [Coretcl 2-137] starting archive...
INFO: [Coretcl 2-1499] Saving project copy to temporary location 'C:/Users/stasm/AppData/Roaming/Xilinx/Vivado/.Xil/Vivado-46704-DESKTOP-GG9V6KE' for archiving project
Scanning sources...
Finished scanning sources
INFO: [IP_Flow 19-234] Refreshing IP repositories
INFO: [IP_Flow 19-1704] No user IP repositories specified
INFO: [IP_Flow 19-2313] Loaded Vivado IP repository 'C:/Xilinx/Vivado/2017.3/data/ip'.
INFO: [Coretcl 2-1211] Creating project copy for archival...
INFO: [ProjectBase 1-495] The host OS only allows 260 characters in a normal path. The project is stored in a path with more than 80 characters. If you experience any problem with archiving the project, please consider setting environment variable $TEMP to a shorter path.
Current project path is 'C:/Users/stasm/AppData/Roaming/Xilinx/Vivado/.Xil/Vivado-46704-DESKTOP-GG9V6KE/PrjAr/_X_'.
INFO: [Coretcl 2-135] resetting runs for excluding generated files from archive...
WARNING: [Coretcl 2-105] Run 'synth_1' is currently active
INFO: [Coretcl 2-133] re-setting run 'synth_1'...
INFO: [Coretcl 2-133] re-setting run 'impl_1'...
INFO: [Coretcl 2-1212] Importing remotely added design sources and verilog include files (if any)...
INFO: [filemgmt 20-348] Importing the appropriate files for fileset: 'sim_1'
INFO: [filemgmt 20-334] All file(s) are already imported in fileset: 'sources_1'
INFO: [filemgmt 20-348] Importing the appropriate files for fileset: 'sources_1'
