#-----------------------------------------------------------
# Vivado v2019.1 (64-bit)
# SW Build 2552052 on Fri May 24 14:49:42 MDT 2019
# IP Build 2548770 on Fri May 24 18:01:18 MDT 2019
# Start of session at: Wed Jun 21 20:34:21 2023
# Process ID: 14984
# Current directory: C:/Users/czlow/OneDrive/Dokumenty/GitHub/projekt_SDUP/Turbocody
# Command line: vivado.exe -gui_launcher_event rodinguilauncherevent24148 C:\Users\czlow\OneDrive\Dokumenty\GitHub\projekt_SDUP\Turbocody\Turbocody.xpr
# Log file: C:/Users/czlow/OneDrive/Dokumenty/GitHub/projekt_SDUP/Turbocody/vivado.log
# Journal file: C:/Users/czlow/OneDrive/Dokumenty/GitHub/projekt_SDUP/Turbocody\vivado.jou
#-----------------------------------------------------------
start_gui
open_project C:/Users/czlow/OneDrive/Dokumenty/GitHub/projekt_SDUP/Turbocody/Turbocody.xpr
INFO: [Project 1-313] Project file moved from 'C:/SDUP/Projekt_Turbocode/projekt_SDUP/Turbocody' since last save.
Scanning sources...
Finished scanning sources
WARNING: [filemgmt 56-2] IP Repository Path: Could not find the directory 'C:/Users/czlow/OneDrive/Dokumenty/GitHub/projekt_SDUP/ip_repo/turbocode_ip_1.0', nor could it be found using path 'C:/SDUP/Projekt_Turbocode/projekt_SDUP/ip_repo/turbocode_ip_1.0'.
INFO: [IP_Flow 19-234] Refreshing IP repositories
WARNING: [IP_Flow 19-2248] Failed to load user IP repository 'c:/Users/czlow/OneDrive/Dokumenty/GitHub/projekt_SDUP/ip_repo/turbocode_ip_1.0'; Can't find the specified path.
If this directory should no longer be in your list of user repositories, go to the IP Settings dialog and remove it.
INFO: [IP_Flow 19-2313] Loaded Vivado IP repository 'C:/Xilinx/Vivado/2019.1/data/ip'.
WARNING: [IP_Flow 19-2162] IP 'clk_wiz_0' is locked:
* IP definition 'Clocking Wizard (5.4)' for IP 'clk_wiz_0' (customized with software release 2017.3) has a newer major version in the IP Catalog. * IP definition 'Clocking Wizard (5.4)' for IP 'clk_wiz_0' (customized with software release 2017.3) has a different revision in the IP Catalog.
INFO: [Project 1-230] Project 'Turbocody.xpr' upgraded for this version of Vivado.
open_project: Time (s): cpu = 00:00:05 ; elapsed = 00:00:05 . Memory (MB): peak = 804.891 ; gain = 119.918
report_ip_status -name ip_status 
update_compile_order -fileset sources_1
